Job Statistics for Job ID 883057:
JobID           JobName  Partition     MaxRSS  MaxVMSize    Elapsed      State 
------------ ---------- ---------- ---------- ---------- ---------- ---------- 
883057             bash       EPYC                         00:17:08    RUNNING 
883057.batch      batch                                    00:17:08    RUNNING 
883057.exte+     extern                                    00:17:08    RUNNING 
883057.0          orted                                    00:00:01  COMPLETED 
883057.1          orted                                    00:00:02  COMPLETED 
883057.2          orted                                    00:00:03  COMPLETED 
883057.3          orted                                    00:00:04  COMPLETED 
883057.4          orted                                    00:00:05  COMPLETED 
883057.5          orted                                    00:00:06  COMPLETED 
883057.6          orted                                    00:00:07  COMPLETED 
883057.7          orted                                    00:00:09  COMPLETED 
883057.8          orted                                    00:00:10  COMPLETED 
883057.9          orted                                    00:00:11  COMPLETED 
883057.10         orted                                    00:00:12  COMPLETED 
883057.11         orted                                    00:00:14  COMPLETED 
883057.12         orted                                    00:00:15  COMPLETED 
883057.13         orted                                    00:00:16  COMPLETED 
883057.14         orted                                    00:00:18  COMPLETED 
883057.15         orted                                    00:00:19  COMPLETED 
883057.16         orted                                    00:00:21  COMPLETED 
883057.17         orted                                    00:00:22  COMPLETED 
883057.18         orted                                    00:00:24  COMPLETED 
883057.19         orted                                    00:00:25  COMPLETED 
883057.20         orted                                    00:00:27  COMPLETED 
883057.21         orted                                    00:00:28  COMPLETED 
883057.22         orted                                    00:00:30  COMPLETED 
883057.23         orted                                    00:00:32  COMPLETED 
883057.24         orted                                    00:00:33  COMPLETED 
883057.25         orted                                    00:00:35  COMPLETED 
883057.26         orted                                    00:00:37  COMPLETED 
883057.27         orted                                    00:00:38  COMPLETED 
883057.28         orted                                    00:00:40  COMPLETED 
883057.29         orted                                    00:00:42  COMPLETED 
883057.30         orted                                    00:00:44  COMPLETED 
883057.31         orted                                    00:00:45  COMPLETED 
883057.32         orted                                    00:00:47  COMPLETED 
883057.33         orted                                    00:00:49  COMPLETED 
883057.34         orted                                    00:00:51  COMPLETED 
883057.35         orted                                    00:00:53  COMPLETED 
883057.36         orted                                    00:00:55  COMPLETED 
883057.37         orted                                    00:00:57  COMPLETED 
883057.38         orted                                    00:00:59  COMPLETED 
883057.39         orted                                    00:01:02  COMPLETED 
883057.40         orted                                    00:01:04  COMPLETED 
883057.41         orted                                    00:01:06  COMPLETED 
883057.42         orted                                    00:01:08  COMPLETED 
883057.43         orted                                    00:01:10  COMPLETED 
883057.44         orted                                    00:01:13  COMPLETED 
883057.45         orted                                    00:01:15  COMPLETED 
883057.46         orted                                    00:01:17  COMPLETED 
883057.47         orted                                    00:01:19  COMPLETED 
883057.48         orted                                    00:01:22  COMPLETED 
883057.49         orted                                    00:01:24  COMPLETED 
883057.50         orted                                    00:01:27  COMPLETED 
883057.51         orted                                    00:01:30  COMPLETED 
883057.52         orted                                    00:01:32  COMPLETED 
883057.53         orted                                    00:01:35  COMPLETED 
883057.54         orted                                    00:01:38  COMPLETED 
883057.55         orted                                    00:01:40  COMPLETED 
883057.56         orted                                    00:01:43  COMPLETED 
883057.57         orted                                    00:01:45  COMPLETED 
883057.58         orted                                    00:01:48  COMPLETED 
883057.59         orted                                    00:01:51  COMPLETED 
883057.60         orted                                    00:01:53  COMPLETED 
883057.61         orted                                    00:01:56  COMPLETED 
883057.62         orted                                    00:01:59  COMPLETED 
883057.63         orted                                    00:02:02  COMPLETED 
883057.64         orted                                    00:02:05  COMPLETED 
883057.65         orted                                    00:02:08  COMPLETED 
883057.66         orted                                    00:02:10  COMPLETED 
883057.67         orted                                    00:02:14  COMPLETED 
883057.68         orted                                    00:02:17  COMPLETED 
883057.69         orted                                    00:02:20  COMPLETED 
883057.70         orted                                    00:02:23  COMPLETED 
883057.71         orted                                    00:02:26  COMPLETED 
883057.72         orted                                    00:02:29  COMPLETED 
883057.73         orted                                    00:02:32  COMPLETED 
883057.74         orted                                    00:02:36  COMPLETED 
883057.75         orted                                    00:02:39  COMPLETED 
883057.76         orted                                    00:02:42  COMPLETED 
883057.77         orted                                    00:02:45  COMPLETED 
883057.78         orted                                    00:02:48  COMPLETED 
883057.79         orted                                    00:02:52  COMPLETED 
883057.80         orted                                    00:02:55  COMPLETED 
883057.81         orted                                    00:02:58  COMPLETED 
883057.82         orted                                    00:03:02  COMPLETED 
883057.83         orted                                    00:03:05  COMPLETED 
883057.84         orted                                    00:03:09  COMPLETED 
883057.85         orted                                    00:03:12  COMPLETED 
883057.86         orted                                    00:03:16  COMPLETED 
883057.87         orted                                    00:03:19  COMPLETED 
883057.88         orted                                    00:03:23  COMPLETED 
883057.89         orted                                    00:03:26  COMPLETED 
883057.90         orted                                    00:03:30  COMPLETED 
883057.91         orted                                    00:03:33  COMPLETED 
883057.92         orted                                    00:03:37  COMPLETED 
883057.93         orted                                    00:03:41  COMPLETED 
883057.94         orted                                    00:03:45  COMPLETED 
883057.95         orted                                    00:03:49  COMPLETED 
883057.96         orted                                    00:03:53  COMPLETED 
883057.97         orted                                    00:03:57  COMPLETED 
883057.98         orted                                    00:04:01  COMPLETED 
883057.99         orted                                    00:04:04  COMPLETED 
883057.100        orted                                    00:04:08  COMPLETED 
883057.101        orted                                    00:04:12  COMPLETED 
883057.102        orted                                    00:04:16  COMPLETED 
883057.103        orted                                    00:04:20  COMPLETED 
883057.104        orted                                    00:04:24  COMPLETED 
883057.105        orted                                    00:04:28  COMPLETED 
883057.106        orted                                    00:04:33  COMPLETED 
883057.107        orted                                    00:04:36  COMPLETED 
883057.108        orted                                    00:04:41  COMPLETED 
883057.109        orted                                    00:04:45  COMPLETED 
883057.110        orted                                    00:04:50  COMPLETED 
883057.111        orted                                    00:04:54  COMPLETED 
883057.112        orted                                    00:04:58  COMPLETED 
883057.113        orted                                    00:05:02  COMPLETED 
883057.114        orted                                    00:05:07  COMPLETED 
883057.115        orted                                    00:05:11  COMPLETED 
883057.116        orted                                    00:05:16  COMPLETED 
883057.117        orted                                    00:05:20  COMPLETED 
883057.118        orted                                    00:05:25  COMPLETED 
883057.119        orted                                    00:05:29  COMPLETED 
883057.120        orted                                    00:05:34  COMPLETED 
883057.121        orted                                    00:05:39  COMPLETED 
883057.122        orted                                    00:05:43  COMPLETED 
883057.123        orted                                    00:05:47  COMPLETED 
883057.124        orted                                    00:05:52  COMPLETED 
883057.125        orted                                    00:05:57  COMPLETED 
883057.126        orted                                    00:06:02  COMPLETED 
883057.127        orted                                    00:06:07  COMPLETED 
883057.128        orted                                    00:06:12  COMPLETED 
883057.129        orted                                    00:06:17  COMPLETED 
883057.130        orted                                    00:06:22  COMPLETED 
883057.131        orted                                    00:06:27  COMPLETED 
883057.132        orted                                    00:06:32  COMPLETED 
883057.133        orted                                    00:06:37  COMPLETED 
883057.134        orted                                    00:06:42  COMPLETED 
883057.135        orted                                    00:06:47  COMPLETED 
883057.136        orted                                    00:06:52  COMPLETED 
883057.137        orted                                    00:06:57  COMPLETED 
883057.138        orted                                    00:07:02  COMPLETED 
883057.139        orted                                    00:07:07  COMPLETED 
883057.140        orted                                    00:07:12  COMPLETED 
883057.141        orted                                    00:07:17  COMPLETED 
883057.142        orted                                    00:07:22  COMPLETED 
883057.143        orted                                    00:07:27  COMPLETED 
883057.144        orted                                    00:07:33  COMPLETED 
883057.145        orted                                    00:07:38  COMPLETED 
883057.146        orted                                    00:07:43  COMPLETED 
883057.147        orted                                    00:07:48  COMPLETED 
883057.148        orted                                    00:07:53  COMPLETED 
883057.149        orted                                    00:07:58  COMPLETED 
883057.150        orted                                    00:08:03  COMPLETED 
883057.151        orted                                    00:08:09  COMPLETED 
883057.152        orted                                    00:08:14  COMPLETED 
883057.153        orted                                    00:08:19  COMPLETED 
883057.154        orted                                    00:08:24  COMPLETED 
883057.155        orted                                    00:08:29  COMPLETED 
883057.156        orted                                    00:08:34  COMPLETED 
883057.157        orted                                    00:08:39  COMPLETED 
883057.158        orted                                    00:08:44  COMPLETED 
883057.159        orted                                    00:08:49  COMPLETED 
883057.160        orted                                    00:08:55  COMPLETED 
883057.161        orted                                    00:09:00  COMPLETED 
883057.162        orted                                    00:09:05  COMPLETED 
883057.163        orted                                    00:09:10  COMPLETED 
883057.164        orted                                    00:09:15  COMPLETED 
883057.165        orted                                    00:09:20  COMPLETED 
883057.166        orted                                    00:09:25  COMPLETED 
883057.167        orted                                    00:09:31  COMPLETED 
883057.168        orted                                    00:09:36  COMPLETED 
883057.169        orted                                    00:09:41  COMPLETED 
883057.170        orted                                    00:09:46  COMPLETED 
883057.171        orted                                    00:09:51  COMPLETED 
883057.172        orted                                    00:09:57  COMPLETED 
883057.173        orted                                    00:10:02  COMPLETED 
883057.174        orted                                    00:10:07  COMPLETED 
883057.175        orted                                    00:10:12  COMPLETED 
883057.176        orted                                    00:10:17  COMPLETED 
883057.177        orted                                    00:10:22  COMPLETED 
883057.178        orted                                    00:10:28  COMPLETED 
883057.179        orted                                    00:10:33  COMPLETED 
883057.180        orted                                    00:10:38  COMPLETED 
883057.181        orted                                    00:10:43  COMPLETED 
883057.182        orted                                    00:10:48  COMPLETED 
883057.183        orted                                    00:10:53  COMPLETED 
883057.184        orted                                    00:10:58  COMPLETED 
883057.185        orted                                    00:11:03  COMPLETED 
883057.186        orted                                    00:11:09  COMPLETED 
883057.187        orted                                    00:11:14  COMPLETED 
883057.188        orted                                    00:11:19  COMPLETED 
883057.189        orted                                    00:11:24  COMPLETED 
883057.190        orted                                    00:11:29  COMPLETED 
883057.191        orted                                    00:11:34  COMPLETED 
883057.192        orted                                    00:11:39  COMPLETED 
883057.193        orted                                    00:11:44  COMPLETED 
883057.194        orted                                    00:11:50  COMPLETED 
883057.195        orted                                    00:11:55  COMPLETED 
883057.196        orted                                    00:12:00  COMPLETED 
883057.197        orted                                    00:12:05  COMPLETED 
883057.198        orted                                    00:12:10  COMPLETED 
883057.199        orted                                    00:12:15  COMPLETED 
883057.200        orted                                    00:12:20  COMPLETED 
883057.201        orted                                    00:12:26  COMPLETED 
883057.202        orted                                    00:12:31  COMPLETED 
883057.203        orted                                    00:12:36  COMPLETED 
883057.204        orted                                    00:12:41  COMPLETED 
883057.205        orted                                    00:12:46  COMPLETED 
883057.206        orted                                    00:12:51  COMPLETED 
883057.207        orted                                    00:12:56  COMPLETED 
883057.208        orted                                    00:13:02  COMPLETED 
883057.209        orted                                    00:13:07  COMPLETED 
883057.210        orted                                    00:13:12  COMPLETED 
883057.211        orted                                    00:13:17  COMPLETED 
883057.212        orted                                    00:13:22  COMPLETED 
883057.213        orted                                    00:13:27  COMPLETED 
883057.214        orted                                    00:13:32  COMPLETED 
883057.215        orted                                    00:13:38  COMPLETED 
883057.216        orted                                    00:13:43  COMPLETED 
883057.217        orted                                    00:13:48  COMPLETED 
883057.218        orted                                    00:13:53  COMPLETED 
883057.219        orted                                    00:13:58  COMPLETED 
883057.220        orted                                    00:14:03  COMPLETED 
883057.221        orted                                    00:14:08  COMPLETED 
883057.222        orted                                    00:14:13  COMPLETED 
883057.223        orted                                    00:14:19  COMPLETED 
883057.224        orted                                    00:14:24  COMPLETED 
883057.225        orted                                    00:14:29  COMPLETED 
883057.226        orted                                    00:14:35  COMPLETED 
883057.227        orted                                    00:14:39  COMPLETED 
883057.228        orted                                    00:14:45  COMPLETED 
883057.229        orted                                    00:14:50  COMPLETED 
883057.230        orted                                    00:14:56  COMPLETED 
883057.231        orted                                    00:15:01  COMPLETED 
883057.232        orted                                    00:15:06  COMPLETED 
883057.233        orted                                    00:15:11  COMPLETED 
883057.234        orted                                    00:15:16  COMPLETED 
883057.235        orted                                    00:15:21  COMPLETED 
883057.236        orted                                    00:15:27  COMPLETED 
883057.237        orted                                    00:15:32  COMPLETED 
883057.238        orted                                    00:15:38  COMPLETED 
883057.239        orted                                    00:15:43  COMPLETED 
883057.240        orted                                    00:15:48  COMPLETED 
883057.241        orted                                    00:15:53  COMPLETED 
883057.242        orted                                    00:15:59  COMPLETED 
883057.243        orted                                    00:16:04  COMPLETED 
883057.244        orted                                    00:16:09  COMPLETED 
883057.245        orted                                    00:16:14  COMPLETED 
883057.246        orted                                    00:16:19  COMPLETED 
883057.247        orted                                    00:16:24  COMPLETED 
883057.248        orted                                    00:16:30  COMPLETED 
883057.249        orted                                    00:16:35  COMPLETED 
883057.250        orted                                    00:16:40  COMPLETED 
883057.251        orted                                    00:16:45  COMPLETED 
883057.252        orted                                    00:16:50  COMPLETED 
883057.253        orted                                    00:16:56  COMPLETED 
883057.254        orted                                    00:17:02  COMPLETED 
883057.255        orted                                    00:17:08  COMPLETED 
